<?xml version="1.0" encoding="UTF-8"?>
<!-- Generated by org.testng.reporters.JUnitReportReporter -->
<testsuite hostname="LAPTOP-57Q5F189" failures="0" tests="3" name="test.Day4" time="0.016" errors="0" timestamp="2024-01-31T23:48:54 CST" skipped="0">
  <testcase classname="test.Day4" name="loginAPIHomeLoan" time="0.005"/>
  <system-out/>
  <testcase classname="test.Day4" name="mobileLoginHomeLoan" time="0.005"/>
  <system-out/>
  <testcase classname="test.Day4" name="webLoginHomeLoan" time="0.006"/>
  <system-out/>
</testsuite> <!-- test.Day4 -->
