<?xml version="1.0" encoding="UTF-8"?>
<!-- Generated by org.testng.reporters.JUnitReportReporter -->
<testsuite hostname="LAPTOP-57Q5F189" failures="0" tests="1" name="test.Day2" time="0.002" errors="0" timestamp="2024-01-31T23:48:54 CST" skipped="0">
  <testcase classname="test.Day2" name="ploan" time="0.002"/>
  <system-out/>
</testsuite> <!-- test.Day2 -->
